<?xml version="1.0" encoding="UTF-8"?>
<!-- Generated by org.testng.reporters.JUnitXMLReporter -->
<testsuite ignored="0" hostname="Nitha" failures="1" tests="3" name="ErrorChecking" time="17.608" errors="0" timestamp="2023-09-10T14:28:32 IST">
  <testcase classname="Project.SampleProject.ErrorValidation" name="LoginErrorChecking" time="0.846">
    <skipped/>
  </testcase> <!-- LoginErrorChecking -->
  <testcase classname="Project.SampleProject.ErrorValidation" name="LoginErrorChecking" time="1.367">
    <failure type="java.lang.AssertionError" message="expected [Incorrect email or password.] but found [Incorrect email or password]">
      <![CDATA[java.lang.AssertionError: expected [Incorrect email or password.] but found [Incorrect email or password]
at Project.SampleProject.ErrorValidation.LoginErrorChecking(ErrorValidation.java:21)
at java.base/java.util.ArrayList.forEach(ArrayList.java:1511)
... Removed 33 stack frames]]>
    </failure>
  </testcase> <!-- LoginErrorChecking -->
  <testcase classname="Project.SampleProject.ErrorValidation" name="ProductCatalogueErrorChecking" time="2.785"/>
</testsuite> <!-- ErrorChecking -->
