<?xml version="1.0" encoding="UTF-8"?>
<!-- Generated by org.testng.reporters.JUnitXMLReporter -->
<testsuite ignored="0" hostname="Nitha" failures="0" tests="3" name="Submit Order" time="20.752" errors="0" timestamp="2023-09-10T14:28:53 IST">
  <testcase classname="Project.SampleProject.SubmitOrder" name="endToEndTests" time="4.107"/>
  <testcase classname="Project.SampleProject.SubmitOrder" name="endToEndTests" time="4.62"/>
  <testcase classname="Project.SampleProject.SubmitOrder" name="VerifyProduct" time="1.409"/>
</testsuite> <!-- Submit Order -->
