<?xml version="1.0" encoding="UTF-8"?>
<!-- Generated by org.testng.reporters.JUnitXMLReporter -->
<testsuite ignored="0" hostname="Nitha" failures="0" tests="3" name="Submit Order" time="15.724" errors="0" timestamp="2023-09-18T02:33:14 IST">
  <testcase classname="Project.SampleProject.SubmitOrder" name="endToEndTests" time="4.04"/>
  <testcase classname="Project.SampleProject.SubmitOrder" name="endToEndTests" time="3.91"/>
  <testcase classname="Project.SampleProject.SubmitOrder" name="VerifyProduct" time="1.384"/>
</testsuite> <!-- Submit Order -->
