<?xml version="1.0" encoding="UTF-8"?>
<testng-results ignored="0" total="2" passed="2" failed="0" skipped="0">
  <reporter-output>
  </reporter-output>
  <suite started-at="2023-09-18T02:36:12 IST" name="Default suite" finished-at="2023-09-18T02:36:30 IST" duration-ms="17912">
    <groups>
      <group name="cucumber">
        <method signature="AbstractTestNGCucumberTests.runScenario(io.cucumber.testng.PickleWrapper,io.cucumber.testng.FeatureWrapper)[pri:0, instance:cucumber.TestNGTestRunner@6e9319f]" name="runScenario" class="io.cucumber.testng.AbstractTestNGCucumberTests"/>
      </group> <!-- cucumber -->
    </groups>
    <test started-at="2023-09-18T02:36:12 IST" name="Default test" finished-at="2023-09-18T02:36:30 IST" duration-ms="17912">
      <class name="cucumber.TestNGTestRunner">
        <test-method is-config="true" signature="setUpClass(org.testng.ITestContext)[pri:0, instance:cucumber.TestNGTestRunner@6e9319f]" started-at="2023-09-18T02:36:12 IST" name="setUpClass" finished-at="2023-09-18T02:36:13 IST" duration-ms="1085" status="PASS">
          <params>
            <param index="0">
              <value>
                <![CDATA[org.testng.TestRunner@106f0051]]>
              </value>
            </param>
          </params>
          <reporter-output>
          </reporter-output>
        </test-method> <!-- setUpClass -->
        <test-method signature="runScenario(io.cucumber.testng.PickleWrapper,io.cucumber.testng.FeatureWrapper)[pri:0, instance:cucumber.TestNGTestRunner@6e9319f]" started-at="2023-09-18T02:36:13 IST" name="runScenario" description="Runs Cucumber Scenarios" data-provider="scenarios" finished-at="2023-09-18T02:36:23 IST" duration-ms="9659" status="PASS">
          <params>
            <param index="0">
              <value>
                <![CDATA["Positive Test case of purchasing a item"]]>
              </value>
            </param>
            <param index="1">
              <value>
                <![CDATA["Purchase a item from E-Commerce Website"]]>
              </value>
            </param>
          </params>
          <reporter-output>
          </reporter-output>
        </test-method> <!-- runScenario -->
        <test-method signature="runScenario(io.cucumber.testng.PickleWrapper,io.cucumber.testng.FeatureWrapper)[pri:0, instance:cucumber.TestNGTestRunner@6e9319f]" started-at="2023-09-18T02:36:23 IST" name="runScenario" description="Runs Cucumber Scenarios" data-provider="scenarios" finished-at="2023-09-18T02:36:30 IST" duration-ms="7030" status="PASS">
          <params>
            <param index="0">
              <value>
                <![CDATA["Positive Test case of purchasing a item"]]>
              </value>
            </param>
            <param index="1">
              <value>
                <![CDATA["Purchase a item from E-Commerce Website"]]>
              </value>
            </param>
          </params>
          <reporter-output>
          </reporter-output>
        </test-method> <!-- runScenario -->
        <test-method is-config="true" signature="tearDownClass()[pri:0, instance:cucumber.TestNGTestRunner@6e9319f]" started-at="2023-09-18T02:36:30 IST" name="tearDownClass" finished-at="2023-09-18T02:36:30 IST" duration-ms="51" status="PASS">
          <reporter-output>
          </reporter-output>
        </test-method> <!-- tearDownClass -->
      </class> <!-- cucumber.TestNGTestRunner -->
    </test> <!-- Default test -->
  </suite> <!-- Default suite -->
</testng-results>
